<?xml version="1.0" encoding="UTF-8" ?>
<testsuite failures="0" time="0.02" errors="0" skipped="0" tests="1" name="com.bbva.taller.AppTest">
  <properties>
    <property name="java.runtime.name" value="Java(TM) SE Runtime Environment"/>
    <property name="sun.boot.library.path" value="W:\Herramientas\jdk1.6.0_43\jre\bin"/>
    <property name="java.vm.version" value="20.14-b01"/>
    <property name="java.vm.vendor" value="Sun Microsystems Inc."/>
    <property name="java.vendor.url" value="http://java.sun.com/"/>
    <property name="path.separator" value=";"/>
    <property name="guice.disable.misplaced.annotation.check" value="true"/>
    <property name="java.vm.name" value="Java HotSpot(TM) Client VM"/>
    <property name="file.encoding.pkg" value="sun.io"/>
    <property name="user.country" value="ES"/>
    <property name="sun.java.launcher" value="SUN_STANDARD"/>
    <property name="sun.os.patch.level" value="Service Pack 1"/>
    <property name="java.vm.specification.name" value="Java Virtual Machine Specification"/>
    <property name="user.dir" value="C:\Talleres\kata1"/>
    <property name="java.runtime.version" value="1.6.0_43-b01"/>
    <property name="java.awt.graphicsenv" value="sun.awt.Win32GraphicsEnvironment"/>
    <property name="java.endorsed.dirs" value="W:\Herramientas\jdk1.6.0_43\jre\lib\endorsed"/>
    <property name="os.arch" value="x86"/>
    <property name="java.io.tmpdir" value="C:\Users\xe23953\AppData\Local\Temp\"/>
    <property name="line.separator" value="
"/>
    <property name="java.vm.specification.vendor" value="Sun Microsystems Inc."/>
    <property name="user.variant" value=""/>
    <property name="os.name" value="Windows 7"/>
    <property name="classworlds.conf" value="W:\Herramientas\apache-maven-3.0.5\bin\m2.conf"/>
    <property name="sun.jnu.encoding" value="Cp1252"/>
    <property name="java.library.path" value="W:\Herramientas\jdk1.6.0_43\bin;C:\Windows\Sun\Java\bin;C:\Windows\system32;C:\Windows;W:\Herramientas\jdk1.6.0_43\bin;W:\Herramientas\spring-roo-1.1.5.RELEASE\bin;W:\Herramientas\apache-maven-3.0.5\bin;W:\Herramientas\SCRIPTS;W:\Herramientas\MySQL\mysql-5.5.22-win32\bin;;W:\Herramientas\jdk1.6.0_43\bin;W:\Herramientas\spring-roo-1.1.5.RELEASE\bin;W:\Herramientas\apache-maven-3.0.5\bin;W:\Herramientas\SCRIPTS;W:\Herramientas\MySQL\mysql-5.5.22-win32\bin;;W:\Herramientas\jdk1.6.0_43\bin;W:\Herramientas\spring-roo-1.1.5.RELEASE\bin;W:\Herramientas\apache-maven-3.0.5\bin;W:\Herramientas\SCRIPTS;W:\Herramientas\MySQL\mysql-5.5.22-win32\bin;;C:\Oracle\11.2.0\client_1;C:\oracle\product\10.2.0\client_1\bin;C:\Windows\system32;C:\Windows;C:\Windows\System32\Wbem;C:\Uti\;C:\Program Files (x86)\QuickTime\QTSystem\;C:\Windows\SysWOW64\;C:\Windows\SysWOW64\Wbem;C:\Program Files (x86)\INASOFT;C:\Program Files (x86)\InstallShield\AdminStudio\6.0\ConflictSolver;C:\Program Files (x86)\ObjREXX;C:\Program Files (x86)\ObjREXX\OODIALOG;C:\Progra~1\ObjREXX;C:\Progra~1\ObjREXX\OODIALOG;c:\util;c:\util\librexx;C:\Program Files (x86)\Citrix\system32\;C:\Program Files (x86)\Vintegris\ModuloM\;C:\Program Files (x86)\Serena\Dimensions 14.2\CM\prog64;C:\Program Files (x86)\Serena\Dimensions 14.2\CM\prog;C:\Program Files\TortoiseSVN\bin;C:\Windows\System32\WindowsPowerShell\v1.0\;C:\Windows\System32\WindowsPowerShell\v1.0\;C:\Program Files\Git\cmd;."/>
    <property name="java.specification.name" value="Java Platform API Specification"/>
    <property name="java.class.version" value="50.0"/>
    <property name="sun.management.compiler" value="HotSpot Client Compiler"/>
    <property name="os.version" value="6.1"/>
    <property name="user.home" value="C:\Users\xe23953"/>
    <property name="user.timezone" value="Europe/Paris"/>
    <property name="java.awt.printerjob" value="sun.awt.windows.WPrinterJob"/>
    <property name="file.encoding" value="Cp1252"/>
    <property name="java.specification.version" value="1.6"/>
    <property name="memTest" value="&apos;-XX:MaxPermSize=1024m&apos;"/>
    <property name="user.name" value="xe23953"/>
    <property name="java.class.path" value="W:\Herramientas\apache-maven-3.0.5\boot\plexus-classworlds-2.4.jar"/>
    <property name="java.vm.specification.version" value="1.0"/>
    <property name="sun.arch.data.model" value="32"/>
    <property name="java.home" value="W:\Herramientas\jdk1.6.0_43\jre"/>
    <property name="sun.java.command" value="org.codehaus.plexus.classworlds.launcher.Launcher eclipse:eclipse clean install"/>
    <property name="java.specification.vendor" value="Sun Microsystems Inc."/>
    <property name="user.language" value="es"/>
    <property name="awt.toolkit" value="sun.awt.windows.WToolkit"/>
    <property name="java.vm.info" value="mixed mode, sharing"/>
    <property name="java.version" value="1.6.0_43"/>
    <property name="java.ext.dirs" value="W:\Herramientas\jdk1.6.0_43\jre\lib\ext;C:\Windows\Sun\Java\lib\ext"/>
    <property name="sun.boot.class.path" value="W:\Herramientas\jdk1.6.0_43\jre\lib\resources.jar;W:\Herramientas\jdk1.6.0_43\jre\lib\rt.jar;W:\Herramientas\jdk1.6.0_43\jre\lib\sunrsasign.jar;W:\Herramientas\jdk1.6.0_43\jre\lib\jsse.jar;W:\Herramientas\jdk1.6.0_43\jre\lib\jce.jar;W:\Herramientas\jdk1.6.0_43\jre\lib\charsets.jar;W:\Herramientas\jdk1.6.0_43\jre\lib\modules\jdk.boot.jar;W:\Herramientas\jdk1.6.0_43\jre\classes"/>
    <property name="java.vendor" value="Sun Microsystems Inc."/>
    <property name="maven.home" value="W:\Herramientas\apache-maven-3.0.5"/>
    <property name="file.separator" value="\"/>
    <property name="java.vendor.url.bug" value="http://java.sun.com/cgi-bin/bugreport.cgi"/>
    <property name="sun.cpu.endian" value="little"/>
    <property name="sun.io.unicode.encoding" value="UnicodeLittle"/>
    <property name="sun.desktop" value="windows"/>
    <property name="sun.cpu.isalist" value="pentium_pro+mmx pentium_pro pentium+mmx pentium i486 i386 i86"/>
  </properties>
  <testcase time="0.001" classname="com.bbva.taller.AppTest" name="testApp"/>
</testsuite>